  game_state.cpp
c:\users\toby\documents\university\games-programming-assessment\gamesprogrammingassessment\game_state.cpp(40): warning C4996: 'strcpy': This function or variable may be unsafe. Consider using strcpy_s instead. To disable deprecation, use _CRT_SECURE_NO_WARNINGS. See online help for details.
  c:\program files (x86)\windows kits\10\include\10.0.10240.0\ucrt\string.h(119): note: see declaration of 'strcpy'
c:\users\toby\documents\university\games-programming-assessment\gamesprogrammingassessment\game_state.cpp(468): warning C4996: 'strcpy': This function or variable may be unsafe. Consider using strcpy_s instead. To disable deprecation, use _CRT_SECURE_NO_WARNINGS. See online help for details.
  c:\program files (x86)\windows kits\10\include\10.0.10240.0\ucrt\string.h(119): note: see declaration of 'strcpy'
c:\users\toby\documents\university\games-programming-assessment\gamesprogrammingassessment\game_state.cpp(481): warning C4996: 'strcpy': This function or variable may be unsafe. Consider using strcpy_s instead. To disable deprecation, use _CRT_SECURE_NO_WARNINGS. See online help for details.
  c:\program files (x86)\windows kits\10\include\10.0.10240.0\ucrt\string.h(119): note: see declaration of 'strcpy'
c:\users\toby\documents\university\games-programming-assessment\gamesprogrammingassessment\game_state.cpp(559): warning C4244: '=': conversion from 'double' to 'int', possible loss of data
c:\users\toby\documents\university\games-programming-assessment\gamesprogrammingassessment\game_state.cpp(560): warning C4244: '=': conversion from 'double' to 'int', possible loss of data
c:\users\toby\documents\university\games-programming-assessment\gamesprogrammingassessment\game_state.cpp(562): warning C4244: '=': conversion from 'double' to 'int', possible loss of data
c:\users\toby\documents\university\games-programming-assessment\gamesprogrammingassessment\game_state.cpp(563): warning C4244: '=': conversion from 'double' to 'int', possible loss of data
c:\users\toby\documents\university\games-programming-assessment\gamesprogrammingassessment\game_state.cpp(567): warning C4244: '=': conversion from 'double' to 'int', possible loss of data
c:\users\toby\documents\university\games-programming-assessment\gamesprogrammingassessment\game_state.cpp(568): warning C4244: '=': conversion from 'double' to 'int', possible loss of data
c:\users\toby\documents\university\games-programming-assessment\gamesprogrammingassessment\game_state.cpp(583): warning C4244: '=': conversion from 'double' to 'int', possible loss of data
c:\users\toby\documents\university\games-programming-assessment\gamesprogrammingassessment\game_state.cpp(584): warning C4244: '=': conversion from 'double' to 'int', possible loss of data
c:\users\toby\documents\university\games-programming-assessment\gamesprogrammingassessment\game_state.cpp(586): warning C4244: '=': conversion from 'double' to 'int', possible loss of data
c:\users\toby\documents\university\games-programming-assessment\gamesprogrammingassessment\game_state.cpp(587): warning C4244: '=': conversion from 'double' to 'int', possible loss of data
c:\users\toby\documents\university\games-programming-assessment\gamesprogrammingassessment\game_state.cpp(591): warning C4244: '=': conversion from 'double' to 'int', possible loss of data
c:\users\toby\documents\university\games-programming-assessment\gamesprogrammingassessment\game_state.cpp(592): warning C4244: '=': conversion from 'double' to 'int', possible loss of data
  GamesProgrammingAssessment.vcxproj -> C:\Users\Toby\Documents\University\Games-Programming-Assessment\GamesProgrammingAssessment\Debug\GamesProgrammingAssessment.exe
