  game_state.cpp
game_state.cpp(44): warning C4996: 'strcpy': This function or variable may be unsafe. Consider using strcpy_s instead. To disable deprecation, use _CRT_SECURE_NO_WARNINGS. See online help for details.
  C:\Program Files (x86)\Windows Kits\10\Include\10.0.10240.0\ucrt\string.h(119): note: see declaration of 'strcpy'
game_state.cpp(472): warning C4996: 'strcpy': This function or variable may be unsafe. Consider using strcpy_s instead. To disable deprecation, use _CRT_SECURE_NO_WARNINGS. See online help for details.
  C:\Program Files (x86)\Windows Kits\10\Include\10.0.10240.0\ucrt\string.h(119): note: see declaration of 'strcpy'
game_state.cpp(485): warning C4996: 'strcpy': This function or variable may be unsafe. Consider using strcpy_s instead. To disable deprecation, use _CRT_SECURE_NO_WARNINGS. See online help for details.
  C:\Program Files (x86)\Windows Kits\10\Include\10.0.10240.0\ucrt\string.h(119): note: see declaration of 'strcpy'
game_state.cpp(564): warning C4244: '=': conversion from 'double' to 'int', possible loss of data
game_state.cpp(565): warning C4244: '=': conversion from 'double' to 'int', possible loss of data
game_state.cpp(567): warning C4244: '=': conversion from 'double' to 'int', possible loss of data
game_state.cpp(568): warning C4244: '=': conversion from 'double' to 'int', possible loss of data
game_state.cpp(572): warning C4244: '=': conversion from 'double' to 'int', possible loss of data
game_state.cpp(573): warning C4244: '=': conversion from 'double' to 'int', possible loss of data
game_state.cpp(588): warning C4244: '=': conversion from 'double' to 'int', possible loss of data
game_state.cpp(589): warning C4244: '=': conversion from 'double' to 'int', possible loss of data
game_state.cpp(591): warning C4244: '=': conversion from 'double' to 'int', possible loss of data
game_state.cpp(592): warning C4244: '=': conversion from 'double' to 'int', possible loss of data
game_state.cpp(596): warning C4244: '=': conversion from 'double' to 'int', possible loss of data
game_state.cpp(597): warning C4244: '=': conversion from 'double' to 'int', possible loss of data
  ghost.cpp
ghost.cpp(24): warning C4244: '=': conversion from 'double' to 'int', possible loss of data
ghost.cpp(25): warning C4244: '=': conversion from 'double' to 'int', possible loss of data
ghost.cpp(27): warning C4244: '=': conversion from 'double' to 'int', possible loss of data
ghost.cpp(28): warning C4244: '=': conversion from 'double' to 'int', possible loss of data
ghost.cpp(29): warning C4244: '=': conversion from 'double' to 'int', possible loss of data
ghost.cpp(30): warning C4244: '=': conversion from 'double' to 'int', possible loss of data
ghost.cpp(32): warning C4244: '=': conversion from 'double' to 'int', possible loss of data
ghost.cpp(33): warning C4244: '=': conversion from 'double' to 'int', possible loss of data
ghost.cpp(37): warning C4244: '=': conversion from 'double' to 'int', possible loss of data
ghost.cpp(38): warning C4244: '=': conversion from 'double' to 'int', possible loss of data
  log_item.cpp
  log_system.cpp
log_system.cpp(36): warning C4996: 'strcpy': This function or variable may be unsafe. Consider using strcpy_s instead. To disable deprecation, use _CRT_SECURE_NO_WARNINGS. See online help for details.
  C:\Program Files (x86)\Windows Kits\10\Include\10.0.10240.0\ucrt\string.h(119): note: see declaration of 'strcpy'
  main.cpp
main.cpp(42): warning C4244: 'initializing': conversion from '__int64' to 'double', possible loss of data
  mapPoint.cpp
  menu.cpp
  menu_item.cpp
  menu_main.cpp
  options_menu.cpp
  sprite.cpp
sprite.cpp(19): warning C4244: '=': conversion from 'double' to 'int', possible loss of data
sprite.cpp(20): warning C4244: '=': conversion from 'double' to 'int', possible loss of data
sprite.cpp(22): warning C4244: '=': conversion from 'double' to 'int', possible loss of data
sprite.cpp(23): warning C4244: '=': conversion from 'double' to 'int', possible loss of data
sprite.cpp(24): warning C4244: '=': conversion from 'double' to 'int', possible loss of data
sprite.cpp(25): warning C4244: '=': conversion from 'double' to 'int', possible loss of data
sprite.cpp(32): warning C4244: '=': conversion from 'double' to 'int', possible loss of data
sprite.cpp(33): warning C4244: '=': conversion from 'double' to 'int', possible loss of data
sprite.cpp(178): warning C4244: '=': conversion from 'double' to 'int', possible loss of data
sprite.cpp(179): warning C4244: '=': conversion from 'double' to 'int', possible loss of data
sprite.cpp(181): warning C4244: '=': conversion from 'double' to 'int', possible loss of data
sprite.cpp(182): warning C4244: '=': conversion from 'double' to 'int', possible loss of data
sprite.cpp(184): warning C4244: '=': conversion from 'double' to 'int', possible loss of data
sprite.cpp(185): warning C4244: '=': conversion from 'double' to 'int', possible loss of data
sprite.cpp(186): warning C4244: '=': conversion from 'double' to 'int', possible loss of data
sprite.cpp(187): warning C4244: '=': conversion from 'double' to 'int', possible loss of data
sprite.cpp(206): warning C4244: '=': conversion from 'double' to 'int', possible loss of data
sprite.cpp(207): warning C4244: '=': conversion from 'double' to 'int', possible loss of data
sprite.cpp(209): warning C4244: '=': conversion from 'double' to 'int', possible loss of data
sprite.cpp(210): warning C4244: '=': conversion from 'double' to 'int', possible loss of data
sprite.cpp(214): warning C4244: '=': conversion from 'double' to 'int', possible loss of data
sprite.cpp(215): warning C4244: '=': conversion from 'double' to 'int', possible loss of data
  Generating code
  483 of 725 functions (66.6%) were compiled, the rest were copied from previous compilation.
    397 functions were new in current compilation
    44 functions had inline decision re-evaluated but remain unchanged
  Finished generating code
  GamesProgrammingAssessment.vcxproj -> C:\Users\Toby\Documents\University\Games-Programming-Assessment\GamesProgrammingAssessment\Release\GamesProgrammingAssessment.exe
